{"C:\\Users\\Ana\\Desktop\\fakultet\\IV god\\baze2\\proj\\Replika-Instagrama-\\follow-service\\controllers\\FollowController.js": {"path":"C:\\Users\\Ana\\Desktop\\fakultet\\IV god\\baze2\\proj\\Replika-Instagrama-\\follow-service\\controllers\\FollowController.js","statementMap":{"0":{"start":{"line":1,"column":20},"end":{"line":1,"column":52}},"1":{"start":{"line":5,"column":30},"end":{"line":5,"column":90}},"2":{"start":{"line":7,"column":25},"end":{"line":231,"column":1}},"3":{"start":{"line":10,"column":4},"end":{"line":29,"column":5}},"4":{"start":{"line":11,"column":23},"end":{"line":17,"column":8}},"5":{"start":{"line":19,"column":6},"end":{"line":22,"column":7}},"6":{"start":{"line":20,"column":8},"end":{"line":20,"column":79}},"7":{"start":{"line":21,"column":8},"end":{"line":21,"column":21}},"8":{"start":{"line":24,"column":19},"end":{"line":24,"column":40}},"9":{"start":{"line":25,"column":6},"end":{"line":25,"column":44}},"10":{"start":{"line":27,"column":6},"end":{"line":27,"column":72}},"11":{"start":{"line":28,"column":6},"end":{"line":28,"column":19}},"12":{"start":{"line":34,"column":42},"end":{"line":34,"column":50}},"13":{"start":{"line":35,"column":18},"end":{"line":35,"column":58}},"14":{"start":{"line":37,"column":4},"end":{"line":39,"column":5}},"15":{"start":{"line":38,"column":6},"end":{"line":38,"column":88}},"16":{"start":{"line":41,"column":4},"end":{"line":43,"column":5}},"17":{"start":{"line":42,"column":6},"end":{"line":42,"column":77}},"18":{"start":{"line":45,"column":4},"end":{"line":74,"column":5}},"19":{"start":{"line":46,"column":22},"end":{"line":46,"column":76}},"20":{"start":{"line":47,"column":6},"end":{"line":51,"column":7}},"21":{"start":{"line":48,"column":8},"end":{"line":50,"column":11}},"22":{"start":{"line":53,"column":29},"end":{"line":53,"column":84}},"23":{"start":{"line":54,"column":6},"end":{"line":58,"column":7}},"24":{"start":{"line":55,"column":8},"end":{"line":57,"column":11}},"25":{"start":{"line":61,"column":24},"end":{"line":61,"column":79}},"26":{"start":{"line":62,"column":21},"end":{"line":62,"column":55}},"27":{"start":{"line":64,"column":6},"end":{"line":64,"column":72}},"28":{"start":{"line":66,"column":6},"end":{"line":71,"column":9}},"29":{"start":{"line":73,"column":6},"end":{"line":73,"column":58}},"30":{"start":{"line":80,"column":42},"end":{"line":80,"column":50}},"31":{"start":{"line":82,"column":4},"end":{"line":94,"column":5}},"32":{"start":{"line":83,"column":21},"end":{"line":83,"column":85}},"33":{"start":{"line":85,"column":6},"end":{"line":89,"column":7}},"34":{"start":{"line":86,"column":8},"end":{"line":88,"column":11}},"35":{"start":{"line":91,"column":6},"end":{"line":91,"column":68}},"36":{"start":{"line":93,"column":6},"end":{"line":93,"column":58}},"37":{"start":{"line":99,"column":42},"end":{"line":99,"column":50}},"38":{"start":{"line":101,"column":4},"end":{"line":113,"column":5}},"39":{"start":{"line":102,"column":21},"end":{"line":102,"column":85}},"40":{"start":{"line":104,"column":6},"end":{"line":108,"column":7}},"41":{"start":{"line":105,"column":8},"end":{"line":107,"column":11}},"42":{"start":{"line":110,"column":6},"end":{"line":110,"column":66}},"43":{"start":{"line":112,"column":6},"end":{"line":112,"column":58}},"44":{"start":{"line":118,"column":23},"end":{"line":118,"column":33}},"45":{"start":{"line":120,"column":4},"end":{"line":125,"column":5}},"46":{"start":{"line":121,"column":23},"end":{"line":121,"column":67}},"47":{"start":{"line":122,"column":6},"end":{"line":122,"column":66}},"48":{"start":{"line":124,"column":6},"end":{"line":124,"column":58}},"49":{"start":{"line":130,"column":42},"end":{"line":130,"column":50}},"50":{"start":{"line":132,"column":4},"end":{"line":142,"column":5}},"51":{"start":{"line":133,"column":21},"end":{"line":133,"column":78}},"52":{"start":{"line":135,"column":6},"end":{"line":137,"column":7}},"53":{"start":{"line":136,"column":8},"end":{"line":136,"column":80}},"54":{"start":{"line":139,"column":6},"end":{"line":139,"column":69}},"55":{"start":{"line":141,"column":6},"end":{"line":141,"column":58}},"56":{"start":{"line":147,"column":40},"end":{"line":147,"column":48}},"57":{"start":{"line":149,"column":4},"end":{"line":159,"column":5}},"58":{"start":{"line":150,"column":21},"end":{"line":150,"column":76}},"59":{"start":{"line":152,"column":6},"end":{"line":154,"column":7}},"60":{"start":{"line":153,"column":8},"end":{"line":153,"column":74}},"61":{"start":{"line":156,"column":6},"end":{"line":156,"column":72}},"62":{"start":{"line":158,"column":6},"end":{"line":158,"column":58}},"63":{"start":{"line":164,"column":39},"end":{"line":164,"column":47}},"64":{"start":{"line":166,"column":4},"end":{"line":168,"column":5}},"65":{"start":{"line":167,"column":6},"end":{"line":167,"column":85}},"66":{"start":{"line":170,"column":4},"end":{"line":172,"column":5}},"67":{"start":{"line":171,"column":6},"end":{"line":171,"column":79}},"68":{"start":{"line":174,"column":4},"end":{"line":187,"column":5}},"69":{"start":{"line":175,"column":6},"end":{"line":175,"column":60}},"70":{"start":{"line":176,"column":6},"end":{"line":176,"column":69}},"71":{"start":{"line":178,"column":6},"end":{"line":180,"column":9}},"72":{"start":{"line":182,"column":6},"end":{"line":184,"column":7}},"73":{"start":{"line":183,"column":8},"end":{"line":183,"column":76}},"74":{"start":{"line":186,"column":6},"end":{"line":186,"column":58}},"75":{"start":{"line":192,"column":23},"end":{"line":192,"column":33}},"76":{"start":{"line":194,"column":4},"end":{"line":199,"column":5}},"77":{"start":{"line":195,"column":20},"end":{"line":195,"column":60}},"78":{"start":{"line":196,"column":6},"end":{"line":196,"column":41}},"79":{"start":{"line":198,"column":6},"end":{"line":198,"column":58}},"80":{"start":{"line":204,"column":29},"end":{"line":204,"column":38}},"81":{"start":{"line":206,"column":4},"end":{"line":211,"column":5}},"82":{"start":{"line":207,"column":22},"end":{"line":207,"column":63}},"83":{"start":{"line":208,"column":6},"end":{"line":208,"column":47}},"84":{"start":{"line":210,"column":6},"end":{"line":210,"column":58}},"85":{"start":{"line":217,"column":42},"end":{"line":217,"column":51}},"86":{"start":{"line":219,"column":4},"end":{"line":229,"column":5}},"87":{"start":{"line":220,"column":22},"end":{"line":220,"column":76}},"88":{"start":{"line":221,"column":27},"end":{"line":221,"column":87}},"89":{"start":{"line":223,"column":6},"end":{"line":226,"column":9}},"90":{"start":{"line":228,"column":6},"end":{"line":228,"column":58}},"91":{"start":{"line":233,"column":0},"end":{"line":233,"column":34}}},"fnMap":{"0":{"name":"(anonymous_0)","decl":{"start":{"line":9,"column":2},"end":{"line":9,"column":3}},"loc":{"start":{"line":9,"column":56},"end":{"line":30,"column":3}},"line":9},"1":{"name":"(anonymous_1)","decl":{"start":{"line":33,"column":2},"end":{"line":33,"column":3}},"loc":{"start":{"line":33,"column":29},"end":{"line":75,"column":3}},"line":33},"2":{"name":"(anonymous_2)","decl":{"start":{"line":79,"column":2},"end":{"line":79,"column":3}},"loc":{"start":{"line":79,"column":31},"end":{"line":95,"column":3}},"line":79},"3":{"name":"(anonymous_3)","decl":{"start":{"line":98,"column":2},"end":{"line":98,"column":3}},"loc":{"start":{"line":98,"column":31},"end":{"line":114,"column":3}},"line":98},"4":{"name":"(anonymous_4)","decl":{"start":{"line":117,"column":2},"end":{"line":117,"column":3}},"loc":{"start":{"line":117,"column":35},"end":{"line":126,"column":3}},"line":117},"5":{"name":"(anonymous_5)","decl":{"start":{"line":129,"column":2},"end":{"line":129,"column":3}},"loc":{"start":{"line":129,"column":31},"end":{"line":143,"column":3}},"line":129},"6":{"name":"(anonymous_6)","decl":{"start":{"line":146,"column":2},"end":{"line":146,"column":3}},"loc":{"start":{"line":146,"column":33},"end":{"line":160,"column":3}},"line":146},"7":{"name":"(anonymous_7)","decl":{"start":{"line":163,"column":2},"end":{"line":163,"column":3}},"loc":{"start":{"line":163,"column":28},"end":{"line":188,"column":3}},"line":163},"8":{"name":"(anonymous_8)","decl":{"start":{"line":191,"column":2},"end":{"line":191,"column":3}},"loc":{"start":{"line":191,"column":27},"end":{"line":200,"column":3}},"line":191},"9":{"name":"(anonymous_9)","decl":{"start":{"line":203,"column":2},"end":{"line":203,"column":3}},"loc":{"start":{"line":203,"column":33},"end":{"line":212,"column":3}},"line":203},"10":{"name":"(anonymous_10)","decl":{"start":{"line":216,"column":2},"end":{"line":216,"column":3}},"loc":{"start":{"line":216,"column":40},"end":{"line":230,"column":3}},"line":216}},"branchMap":{"0":{"loc":{"start":{"line":5,"column":30},"end":{"line":5,"column":90}},"type":"binary-expr","locations":[{"start":{"line":5,"column":30},"end":{"line":5,"column":63}},{"start":{"line":5,"column":67},"end":{"line":5,"column":90}}],"line":5},"1":{"loc":{"start":{"line":19,"column":6},"end":{"line":22,"column":7}},"type":"if","locations":[{"start":{"line":19,"column":6},"end":{"line":22,"column":7}},{"start":{},"end":{}}],"line":19},"2":{"loc":{"start":{"line":25,"column":13},"end":{"line":25,"column":43}},"type":"binary-expr","locations":[{"start":{"line":25,"column":13},"end":{"line":25,"column":34}},{"start":{"line":25,"column":38},"end":{"line":25,"column":43}}],"line":25},"3":{"loc":{"start":{"line":37,"column":4},"end":{"line":39,"column":5}},"type":"if","locations":[{"start":{"line":37,"column":4},"end":{"line":39,"column":5}},{"start":{},"end":{}}],"line":37},"4":{"loc":{"start":{"line":37,"column":8},"end":{"line":37,"column":37}},"type":"binary-expr","locations":[{"start":{"line":37,"column":8},"end":{"line":37,"column":20}},{"start":{"line":37,"column":24},"end":{"line":37,"column":37}}],"line":37},"5":{"loc":{"start":{"line":41,"column":4},"end":{"line":43,"column":5}},"type":"if","locations":[{"start":{"line":41,"column":4},"end":{"line":43,"column":5}},{"start":{},"end":{}}],"line":41},"6":{"loc":{"start":{"line":47,"column":6},"end":{"line":51,"column":7}},"type":"if","locations":[{"start":{"line":47,"column":6},"end":{"line":51,"column":7}},{"start":{},"end":{}}],"line":47},"7":{"loc":{"start":{"line":54,"column":6},"end":{"line":58,"column":7}},"type":"if","locations":[{"start":{"line":54,"column":6},"end":{"line":58,"column":7}},{"start":{},"end":{}}],"line":54},"8":{"loc":{"start":{"line":62,"column":21},"end":{"line":62,"column":55}},"type":"cond-expr","locations":[{"start":{"line":62,"column":33},"end":{"line":62,"column":42}},{"start":{"line":62,"column":45},"end":{"line":62,"column":55}}],"line":62},"9":{"loc":{"start":{"line":67,"column":17},"end":{"line":69,"column":32}},"type":"cond-expr","locations":[{"start":{"line":68,"column":12},"end":{"line":68,"column":40}},{"start":{"line":69,"column":12},"end":{"line":69,"column":32}}],"line":67},"10":{"loc":{"start":{"line":85,"column":6},"end":{"line":89,"column":7}},"type":"if","locations":[{"start":{"line":85,"column":6},"end":{"line":89,"column":7}},{"start":{},"end":{}}],"line":85},"11":{"loc":{"start":{"line":104,"column":6},"end":{"line":108,"column":7}},"type":"if","locations":[{"start":{"line":104,"column":6},"end":{"line":108,"column":7}},{"start":{},"end":{}}],"line":104},"12":{"loc":{"start":{"line":135,"column":6},"end":{"line":137,"column":7}},"type":"if","locations":[{"start":{"line":135,"column":6},"end":{"line":137,"column":7}},{"start":{},"end":{}}],"line":135},"13":{"loc":{"start":{"line":152,"column":6},"end":{"line":154,"column":7}},"type":"if","locations":[{"start":{"line":152,"column":6},"end":{"line":154,"column":7}},{"start":{},"end":{}}],"line":152},"14":{"loc":{"start":{"line":166,"column":4},"end":{"line":168,"column":5}},"type":"if","locations":[{"start":{"line":166,"column":4},"end":{"line":168,"column":5}},{"start":{},"end":{}}],"line":166},"15":{"loc":{"start":{"line":166,"column":8},"end":{"line":166,"column":34}},"type":"binary-expr","locations":[{"start":{"line":166,"column":8},"end":{"line":166,"column":19}},{"start":{"line":166,"column":23},"end":{"line":166,"column":34}}],"line":166},"16":{"loc":{"start":{"line":170,"column":4},"end":{"line":172,"column":5}},"type":"if","locations":[{"start":{"line":170,"column":4},"end":{"line":172,"column":5}},{"start":{},"end":{}}],"line":170},"17":{"loc":{"start":{"line":182,"column":6},"end":{"line":184,"column":7}},"type":"if","locations":[{"start":{"line":182,"column":6},"end":{"line":184,"column":7}},{"start":{},"end":{}}],"line":182}},"s":{"0":1,"1":1,"2":1,"3":0,"4":0,"5":0,"6":0,"7":0,"8":0,"9":0,"10":0,"11":0,"12":7,"13":7,"14":7,"15":1,"16":6,"17":1,"18":5,"19":5,"20":5,"21":1,"22":4,"23":4,"24":1,"25":3,"26":3,"27":3,"28":2,"29":1,"30":3,"31":3,"32":3,"33":2,"34":1,"35":1,"36":1,"37":3,"38":3,"39":3,"40":2,"41":1,"42":1,"43":1,"44":2,"45":2,"46":2,"47":1,"48":1,"49":3,"50":3,"51":3,"52":2,"53":1,"54":1,"55":1,"56":1,"57":1,"58":1,"59":1,"60":0,"61":1,"62":0,"63":4,"64":4,"65":1,"66":3,"67":1,"68":2,"69":2,"70":1,"71":1,"72":1,"73":1,"74":0,"75":2,"76":2,"77":2,"78":1,"79":1,"80":2,"81":2,"82":2,"83":1,"84":1,"85":2,"86":2,"87":2,"88":1,"89":1,"90":1,"91":1},"f":{"0":0,"1":7,"2":3,"3":3,"4":2,"5":3,"6":1,"7":4,"8":2,"9":2,"10":2},"b":{"0":[1,1],"1":[0,0],"2":[0,0],"3":[1,6],"4":[7,7],"5":[1,5],"6":[1,4],"7":[1,3],"8":[1,2],"9":[1,1],"10":[1,1],"11":[1,1],"12":[1,1],"13":[0,1],"14":[1,3],"15":[4,4],"16":[1,2],"17":[1,0]},"_coverageSchema":"1a1c01bbd47fc00a2c39e90264f33305004495a9","hash":"dd9bf09905fe0ba1e31674b96e74746c117bf20f"}
}
