TN:
SF:controllers\FollowController.js
FN:9,(anonymous_0)
FN:33,(anonymous_1)
FN:79,(anonymous_2)
FN:98,(anonymous_3)
FN:117,(anonymous_4)
FN:129,(anonymous_5)
FN:146,(anonymous_6)
FN:163,(anonymous_7)
FN:191,(anonymous_8)
FN:203,(anonymous_9)
FN:216,(anonymous_10)
FNF:11
FNH:10
FNDA:0,(anonymous_0)
FNDA:7,(anonymous_1)
FNDA:3,(anonymous_2)
FNDA:3,(anonymous_3)
FNDA:2,(anonymous_4)
FNDA:3,(anonymous_5)
FNDA:1,(anonymous_6)
FNDA:4,(anonymous_7)
FNDA:2,(anonymous_8)
FNDA:2,(anonymous_9)
FNDA:2,(anonymous_10)
DA:1,1
DA:5,1
DA:7,1
DA:10,0
DA:11,0
DA:19,0
DA:20,0
DA:21,0
DA:24,0
DA:25,0
DA:27,0
DA:28,0
DA:34,7
DA:35,7
DA:37,7
DA:38,1
DA:41,6
DA:42,1
DA:45,5
DA:46,5
DA:47,5
DA:48,1
DA:53,4
DA:54,4
DA:55,1
DA:61,3
DA:62,3
DA:64,3
DA:66,2
DA:73,1
DA:80,3
DA:82,3
DA:83,3
DA:85,2
DA:86,1
DA:91,1
DA:93,1
DA:99,3
DA:101,3
DA:102,3
DA:104,2
DA:105,1
DA:110,1
DA:112,1
DA:118,2
DA:120,2
DA:121,2
DA:122,1
DA:124,1
DA:130,3
DA:132,3
DA:133,3
DA:135,2
DA:136,1
DA:139,1
DA:141,1
DA:147,1
DA:149,1
DA:150,1
DA:152,1
DA:153,0
DA:156,1
DA:158,0
DA:164,4
DA:166,4
DA:167,1
DA:170,3
DA:171,1
DA:174,2
DA:175,2
DA:176,1
DA:178,1
DA:182,1
DA:183,1
DA:186,0
DA:192,2
DA:194,2
DA:195,2
DA:196,1
DA:198,1
DA:204,2
DA:206,2
DA:207,2
DA:208,1
DA:210,1
DA:217,2
DA:219,2
DA:220,2
DA:221,1
DA:223,1
DA:228,1
DA:233,1
LF:92
LH:80
BRDA:5,0,0,1
BRDA:5,0,1,1
BRDA:19,1,0,0
BRDA:19,1,1,0
BRDA:25,2,0,0
BRDA:25,2,1,0
BRDA:37,3,0,1
BRDA:37,3,1,6
BRDA:37,4,0,7
BRDA:37,4,1,7
BRDA:41,5,0,1
BRDA:41,5,1,5
BRDA:47,6,0,1
BRDA:47,6,1,4
BRDA:54,7,0,1
BRDA:54,7,1,3
BRDA:62,8,0,1
BRDA:62,8,1,2
BRDA:67,9,0,1
BRDA:67,9,1,1
BRDA:85,10,0,1
BRDA:85,10,1,1
BRDA:104,11,0,1
BRDA:104,11,1,1
BRDA:135,12,0,1
BRDA:135,12,1,1
BRDA:152,13,0,0
BRDA:152,13,1,1
BRDA:166,14,0,1
BRDA:166,14,1,3
BRDA:166,15,0,4
BRDA:166,15,1,4
BRDA:170,16,0,1
BRDA:170,16,1,2
BRDA:182,17,0,1
BRDA:182,17,1,0
BRF:36
BRH:30
end_of_record
